<?xml version="1.0" encoding="UTF-8"?>
<testsuite xmlns:xsi="http://www.w3.org/2001/XMLSchema-instance" xsi:noNamespaceSchemaLocation="https://maven.apache.org/surefire/maven-surefire-plugin/xsd/surefire-test-report.xsd" name="org.evan.service.CarouselServiceTest" time="0.152" tests="3" errors="3" skipped="0" failures="0">
  <properties>
    <property name="sun.desktop" value="windows"/>
    <property name="awt.toolkit" value="sun.awt.windows.WToolkit"/>
    <property name="file.encoding.pkg" value="sun.io"/>
    <property name="java.specification.version" value="1.8"/>
    <property name="sun.cpu.isalist" value="amd64"/>
    <property name="sun.jnu.encoding" value="GBK"/>
    <property name="java.class.path" value="D:\food\food\food-service\target\test-classes;D:\food\food\food-service\target\classes;D:\food\food\food-mapper\target\food-mapper-1.0-SNAPSHOT.jar;D:\food\food\food-pojo\target\food-pojo-1.0-SNAPSHOT.jar;D:\food\food\food-common\target\food-common-1.0-SNAPSHOT.jar;D:\food\food-workspace\food-repository\com\github\bingoohuang\idworker-client\0.0.8\idworker-client-0.0.8.jar;D:\food\food-workspace\food-repository\org\springframework\boot\spring-boot-starter\2.1.5.RELEASE\spring-boot-starter-2.1.5.RELEASE.jar;D:\food\food-workspace\food-repository\org\springframework\boot\spring-boot\2.1.5.RELEASE\spring-boot-2.1.5.RELEASE.jar;D:\food\food-workspace\food-repository\org\springframework\spring-context\5.1.7.RELEASE\spring-context-5.1.7.RELEASE.jar;D:\food\food-workspace\food-repository\org\springframework\boot\spring-boot-autoconfigure\2.1.5.RELEASE\spring-boot-autoconfigure-2.1.5.RELEASE.jar;D:\food\food-workspace\food-repository\javax\annotation\javax.annotation-api\1.3.2\javax.annotation-api-1.3.2.jar;D:\food\food-workspace\food-repository\org\springframework\spring-core\5.1.7.RELEASE\spring-core-5.1.7.RELEASE.jar;D:\food\food-workspace\food-repository\org\springframework\spring-jcl\5.1.7.RELEASE\spring-jcl-5.1.7.RELEASE.jar;D:\food\food-workspace\food-repository\org\yaml\snakeyaml\1.23\snakeyaml-1.23.jar;D:\food\food-workspace\food-repository\org\springframework\boot\spring-boot-starter-web\2.1.5.RELEASE\spring-boot-starter-web-2.1.5.RELEASE.jar;D:\food\food-workspace\food-repository\org\springframework\boot\spring-boot-starter-json\2.1.5.RELEASE\spring-boot-starter-json-2.1.5.RELEASE.jar;D:\food\food-workspace\food-repository\com\fasterxml\jackson\core\jackson-databind\2.9.8\jackson-databind-2.9.8.jar;D:\food\food-workspace\food-repository\com\fasterxml\jackson\core\jackson-core\2.9.8\jackson-core-2.9.8.jar;D:\food\food-workspace\food-repository\com\fasterxml\jackson\datatype\jackson-datatype-jdk8\2.9.8\jackson-datatype-jdk8-2.9.8.jar;D:\food\food-workspace\food-repository\com\fasterxml\jackson\datatype\jackson-datatype-jsr310\2.9.8\jackson-datatype-jsr310-2.9.8.jar;D:\food\food-workspace\food-repository\com\fasterxml\jackson\module\jackson-module-parameter-names\2.9.8\jackson-module-parameter-names-2.9.8.jar;D:\food\food-workspace\food-repository\org\springframework\boot\spring-boot-starter-tomcat\2.1.5.RELEASE\spring-boot-starter-tomcat-2.1.5.RELEASE.jar;D:\food\food-workspace\food-repository\org\apache\tomcat\embed\tomcat-embed-core\9.0.19\tomcat-embed-core-9.0.19.jar;D:\food\food-workspace\food-repository\org\apache\tomcat\embed\tomcat-embed-el\9.0.19\tomcat-embed-el-9.0.19.jar;D:\food\food-workspace\food-repository\org\apache\tomcat\embed\tomcat-embed-websocket\9.0.19\tomcat-embed-websocket-9.0.19.jar;D:\food\food-workspace\food-repository\org\hibernate\validator\hibernate-validator\6.0.16.Final\hibernate-validator-6.0.16.Final.jar;D:\food\food-workspace\food-repository\javax\validation\validation-api\2.0.1.Final\validation-api-2.0.1.Final.jar;D:\food\food-workspace\food-repository\org\jboss\logging\jboss-logging\3.3.2.Final\jboss-logging-3.3.2.Final.jar;D:\food\food-workspace\food-repository\org\springframework\spring-web\5.1.7.RELEASE\spring-web-5.1.7.RELEASE.jar;D:\food\food-workspace\food-repository\org\springframework\spring-beans\5.1.7.RELEASE\spring-beans-5.1.7.RELEASE.jar;D:\food\food-workspace\food-repository\org\springframework\spring-webmvc\5.1.7.RELEASE\spring-webmvc-5.1.7.RELEASE.jar;D:\food\food-workspace\food-repository\org\springframework\spring-expression\5.1.7.RELEASE\spring-expression-5.1.7.RELEASE.jar;D:\food\food-workspace\food-repository\org\springframework\boot\spring-boot-configuration-processor\2.1.5.RELEASE\spring-boot-configuration-processor-2.1.5.RELEASE.jar;D:\food\food-workspace\food-repository\org\springframework\boot\spring-boot-starter-aop\2.1.5.RELEASE\spring-boot-starter-aop-2.1.5.RELEASE.jar;D:\food\food-workspace\food-repository\org\springframework\spring-aop\5.1.7.RELEASE\spring-aop-5.1.7.RELEASE.jar;D:\food\food-workspace\food-repository\org\aspectj\aspectjweaver\1.9.4\aspectjweaver-1.9.4.jar;D:\food\food-workspace\food-repository\org\springframework\boot\spring-boot-starter-test\2.1.5.RELEASE\spring-boot-starter-test-2.1.5.RELEASE.jar;D:\food\food-workspace\food-repository\org\springframework\boot\spring-boot-test\2.1.5.RELEASE\spring-boot-test-2.1.5.RELEASE.jar;D:\food\food-workspace\food-repository\org\springframework\boot\spring-boot-test-autoconfigure\2.1.5.RELEASE\spring-boot-test-autoconfigure-2.1.5.RELEASE.jar;D:\food\food-workspace\food-repository\com\jayway\jsonpath\json-path\2.4.0\json-path-2.4.0.jar;D:\food\food-workspace\food-repository\net\minidev\json-smart\2.3\json-smart-2.3.jar;D:\food\food-workspace\food-repository\net\minidev\accessors-smart\1.2\accessors-smart-1.2.jar;D:\food\food-workspace\food-repository\org\ow2\asm\asm\5.0.4\asm-5.0.4.jar;D:\food\food-workspace\food-repository\junit\junit\4.12\junit-4.12.jar;D:\food\food-workspace\food-repository\org\assertj\assertj-core\3.11.1\assertj-core-3.11.1.jar;D:\food\food-workspace\food-repository\org\mockito\mockito-core\2.23.4\mockito-core-2.23.4.jar;D:\food\food-workspace\food-repository\net\bytebuddy\byte-buddy\1.9.12\byte-buddy-1.9.12.jar;D:\food\food-workspace\food-repository\net\bytebuddy\byte-buddy-agent\1.9.12\byte-buddy-agent-1.9.12.jar;D:\food\food-workspace\food-repository\org\objenesis\objenesis\2.6\objenesis-2.6.jar;D:\food\food-workspace\food-repository\org\hamcrest\hamcrest-core\1.3\hamcrest-core-1.3.jar;D:\food\food-workspace\food-repository\org\hamcrest\hamcrest-library\1.3\hamcrest-library-1.3.jar;D:\food\food-workspace\food-repository\org\skyscreamer\jsonassert\1.5.0\jsonassert-1.5.0.jar;D:\food\food-workspace\food-repository\com\vaadin\external\google\android-json\0.0.20131108.vaadin1\android-json-0.0.20131108.vaadin1.jar;D:\food\food-workspace\food-repository\org\springframework\spring-test\5.1.7.RELEASE\spring-test-5.1.7.RELEASE.jar;D:\food\food-workspace\food-repository\org\xmlunit\xmlunit-core\2.6.2\xmlunit-core-2.6.2.jar;D:\food\food-workspace\food-repository\mysql\mysql-connector-java\8.0.19\mysql-connector-java-8.0.19.jar;D:\food\food-workspace\food-repository\org\mybatis\spring\boot\mybatis-spring-boot-starter\2.1.1\mybatis-spring-boot-starter-2.1.1.jar;D:\food\food-workspace\food-repository\org\springframework\boot\spring-boot-starter-jdbc\2.1.5.RELEASE\spring-boot-starter-jdbc-2.1.5.RELEASE.jar;D:\food\food-workspace\food-repository\com\zaxxer\HikariCP\3.2.0\HikariCP-3.2.0.jar;D:\food\food-workspace\food-repository\org\springframework\spring-jdbc\5.1.7.RELEASE\spring-jdbc-5.1.7.RELEASE.jar;D:\food\food-workspace\food-repository\org\springframework\spring-tx\5.1.7.RELEASE\spring-tx-5.1.7.RELEASE.jar;D:\food\food-workspace\food-repository\org\mybatis\spring\boot\mybatis-spring-boot-autoconfigure\2.1.1\mybatis-spring-boot-autoconfigure-2.1.1.jar;D:\food\food-workspace\food-repository\org\mybatis\mybatis\3.5.3\mybatis-3.5.3.jar;D:\food\food-workspace\food-repository\org\mybatis\mybatis-spring\2.0.3\mybatis-spring-2.0.3.jar;D:\food\food-workspace\food-repository\tk\mybatis\mapper-spring-boot-starter\2.1.5\mapper-spring-boot-starter-2.1.5.jar;D:\food\food-workspace\food-repository\tk\mybatis\mapper-core\1.1.5\mapper-core-1.1.5.jar;D:\food\food-workspace\food-repository\javax\persistence\persistence-api\1.0\persistence-api-1.0.jar;D:\food\food-workspace\food-repository\tk\mybatis\mapper-base\1.1.5\mapper-base-1.1.5.jar;D:\food\food-workspace\food-repository\tk\mybatis\mapper-weekend\1.1.5\mapper-weekend-1.1.5.jar;D:\food\food-workspace\food-repository\tk\mybatis\mapper-spring\1.1.5\mapper-spring-1.1.5.jar;D:\food\food-workspace\food-repository\tk\mybatis\mapper-extra\1.1.5\mapper-extra-1.1.5.jar;D:\food\food-workspace\food-repository\tk\mybatis\mapper-spring-boot-autoconfigure\2.1.5\mapper-spring-boot-autoconfigure-2.1.5.jar;D:\food\food-workspace\food-repository\commons-codec\commons-codec\1.11\commons-codec-1.11.jar;D:\food\food-workspace\food-repository\org\apache\commons\commons-lang3\3.4\commons-lang3-3.4.jar;D:\food\food-workspace\food-repository\commons-io\commons-io\1.3.2\commons-io-1.3.2.jar;D:\food\food-workspace\food-repository\io\springfox\springfox-swagger2\2.4.0\springfox-swagger2-2.4.0.jar;D:\food\food-workspace\food-repository\io\swagger\swagger-annotations\1.5.6\swagger-annotations-1.5.6.jar;D:\food\food-workspace\food-repository\io\swagger\swagger-models\1.5.6\swagger-models-1.5.6.jar;D:\food\food-workspace\food-repository\com\fasterxml\jackson\core\jackson-annotations\2.9.0\jackson-annotations-2.9.0.jar;D:\food\food-workspace\food-repository\io\springfox\springfox-spi\2.4.0\springfox-spi-2.4.0.jar;D:\food\food-workspace\food-repository\io\springfox\springfox-core\2.4.0\springfox-core-2.4.0.jar;D:\food\food-workspace\food-repository\io\springfox\springfox-schema\2.4.0\springfox-schema-2.4.0.jar;D:\food\food-workspace\food-repository\io\springfox\springfox-swagger-common\2.4.0\springfox-swagger-common-2.4.0.jar;D:\food\food-workspace\food-repository\io\springfox\springfox-spring-web\2.4.0\springfox-spring-web-2.4.0.jar;D:\food\food-workspace\food-repository\com\google\guava\guava\18.0\guava-18.0.jar;D:\food\food-workspace\food-repository\com\fasterxml\classmate\1.4.0\classmate-1.4.0.jar;D:\food\food-workspace\food-repository\org\slf4j\slf4j-api\1.7.26\slf4j-api-1.7.26.jar;D:\food\food-workspace\food-repository\org\springframework\plugin\spring-plugin-core\1.2.0.RELEASE\spring-plugin-core-1.2.0.RELEASE.jar;D:\food\food-workspace\food-repository\org\springframework\plugin\spring-plugin-metadata\1.2.0.RELEASE\spring-plugin-metadata-1.2.0.RELEASE.jar;D:\food\food-workspace\food-repository\io\springfox\springfox-swagger-ui\2.4.0\springfox-swagger-ui-2.4.0.jar;D:\food\food-workspace\food-repository\com\github\xiaoymin\swagger-bootstrap-ui\1.6\swagger-bootstrap-ui-1.6.jar;D:\food\food-workspace\food-repository\com\alibaba\fastjson\1.2.68\fastjson-1.2.68.jar;D:\food\food-workspace\food-repository\org\springframework\boot\spring-boot-starter-log4j\1.3.8.RELEASE\spring-boot-starter-log4j-1.3.8.RELEASE.jar;D:\food\food-workspace\food-repository\org\slf4j\jcl-over-slf4j\1.7.26\jcl-over-slf4j-1.7.26.jar;D:\food\food-workspace\food-repository\org\slf4j\jul-to-slf4j\1.7.26\jul-to-slf4j-1.7.26.jar;D:\food\food-workspace\food-repository\org\slf4j\slf4j-log4j12\1.7.26\slf4j-log4j12-1.7.26.jar;D:\food\food-workspace\food-repository\log4j\log4j\1.2.17\log4j-1.2.17.jar;"/>
    <property name="java.vm.vendor" value="Oracle Corporation"/>
    <property name="sun.arch.data.model" value="64"/>
    <property name="user.variant" value=""/>
    <property name="java.vendor.url" value="http://java.oracle.com/"/>
    <property name="user.timezone" value="Asia/Shanghai"/>
    <property name="java.vm.specification.version" value="1.8"/>
    <property name="os.name" value="Windows 10"/>
    <property name="user.country" value="CN"/>
    <property name="sun.java.launcher" value="SUN_STANDARD"/>
    <property name="sun.boot.library.path" value="C:\Program Files\Java\jdk1.8.0_101\jre\bin"/>
    <property name="sun.java.command" value="C:\Users\ZHANGX~1\AppData\Local\Temp\surefire9163769707771632881\surefirebooter156667701184945707.jar C:\Users\zhangxiaogang\AppData\Local\Temp\surefire9163769707771632881 2020-05-29T14-18-23_570-jvmRun1 surefire8988091430668673952tmp surefire_06287174889413260123tmp"/>
    <property name="surefire.test.class.path" value="D:\food\food\food-service\target\test-classes;D:\food\food\food-service\target\classes;D:\food\food\food-mapper\target\food-mapper-1.0-SNAPSHOT.jar;D:\food\food\food-pojo\target\food-pojo-1.0-SNAPSHOT.jar;D:\food\food\food-common\target\food-common-1.0-SNAPSHOT.jar;D:\food\food-workspace\food-repository\com\github\bingoohuang\idworker-client\0.0.8\idworker-client-0.0.8.jar;D:\food\food-workspace\food-repository\org\springframework\boot\spring-boot-starter\2.1.5.RELEASE\spring-boot-starter-2.1.5.RELEASE.jar;D:\food\food-workspace\food-repository\org\springframework\boot\spring-boot\2.1.5.RELEASE\spring-boot-2.1.5.RELEASE.jar;D:\food\food-workspace\food-repository\org\springframework\spring-context\5.1.7.RELEASE\spring-context-5.1.7.RELEASE.jar;D:\food\food-workspace\food-repository\org\springframework\boot\spring-boot-autoconfigure\2.1.5.RELEASE\spring-boot-autoconfigure-2.1.5.RELEASE.jar;D:\food\food-workspace\food-repository\javax\annotation\javax.annotation-api\1.3.2\javax.annotation-api-1.3.2.jar;D:\food\food-workspace\food-repository\org\springframework\spring-core\5.1.7.RELEASE\spring-core-5.1.7.RELEASE.jar;D:\food\food-workspace\food-repository\org\springframework\spring-jcl\5.1.7.RELEASE\spring-jcl-5.1.7.RELEASE.jar;D:\food\food-workspace\food-repository\org\yaml\snakeyaml\1.23\snakeyaml-1.23.jar;D:\food\food-workspace\food-repository\org\springframework\boot\spring-boot-starter-web\2.1.5.RELEASE\spring-boot-starter-web-2.1.5.RELEASE.jar;D:\food\food-workspace\food-repository\org\springframework\boot\spring-boot-starter-json\2.1.5.RELEASE\spring-boot-starter-json-2.1.5.RELEASE.jar;D:\food\food-workspace\food-repository\com\fasterxml\jackson\core\jackson-databind\2.9.8\jackson-databind-2.9.8.jar;D:\food\food-workspace\food-repository\com\fasterxml\jackson\core\jackson-core\2.9.8\jackson-core-2.9.8.jar;D:\food\food-workspace\food-repository\com\fasterxml\jackson\datatype\jackson-datatype-jdk8\2.9.8\jackson-datatype-jdk8-2.9.8.jar;D:\food\food-workspace\food-repository\com\fasterxml\jackson\datatype\jackson-datatype-jsr310\2.9.8\jackson-datatype-jsr310-2.9.8.jar;D:\food\food-workspace\food-repository\com\fasterxml\jackson\module\jackson-module-parameter-names\2.9.8\jackson-module-parameter-names-2.9.8.jar;D:\food\food-workspace\food-repository\org\springframework\boot\spring-boot-starter-tomcat\2.1.5.RELEASE\spring-boot-starter-tomcat-2.1.5.RELEASE.jar;D:\food\food-workspace\food-repository\org\apache\tomcat\embed\tomcat-embed-core\9.0.19\tomcat-embed-core-9.0.19.jar;D:\food\food-workspace\food-repository\org\apache\tomcat\embed\tomcat-embed-el\9.0.19\tomcat-embed-el-9.0.19.jar;D:\food\food-workspace\food-repository\org\apache\tomcat\embed\tomcat-embed-websocket\9.0.19\tomcat-embed-websocket-9.0.19.jar;D:\food\food-workspace\food-repository\org\hibernate\validator\hibernate-validator\6.0.16.Final\hibernate-validator-6.0.16.Final.jar;D:\food\food-workspace\food-repository\javax\validation\validation-api\2.0.1.Final\validation-api-2.0.1.Final.jar;D:\food\food-workspace\food-repository\org\jboss\logging\jboss-logging\3.3.2.Final\jboss-logging-3.3.2.Final.jar;D:\food\food-workspace\food-repository\org\springframework\spring-web\5.1.7.RELEASE\spring-web-5.1.7.RELEASE.jar;D:\food\food-workspace\food-repository\org\springframework\spring-beans\5.1.7.RELEASE\spring-beans-5.1.7.RELEASE.jar;D:\food\food-workspace\food-repository\org\springframework\spring-webmvc\5.1.7.RELEASE\spring-webmvc-5.1.7.RELEASE.jar;D:\food\food-workspace\food-repository\org\springframework\spring-expression\5.1.7.RELEASE\spring-expression-5.1.7.RELEASE.jar;D:\food\food-workspace\food-repository\org\springframework\boot\spring-boot-configuration-processor\2.1.5.RELEASE\spring-boot-configuration-processor-2.1.5.RELEASE.jar;D:\food\food-workspace\food-repository\org\springframework\boot\spring-boot-starter-aop\2.1.5.RELEASE\spring-boot-starter-aop-2.1.5.RELEASE.jar;D:\food\food-workspace\food-repository\org\springframework\spring-aop\5.1.7.RELEASE\spring-aop-5.1.7.RELEASE.jar;D:\food\food-workspace\food-repository\org\aspectj\aspectjweaver\1.9.4\aspectjweaver-1.9.4.jar;D:\food\food-workspace\food-repository\org\springframework\boot\spring-boot-starter-test\2.1.5.RELEASE\spring-boot-starter-test-2.1.5.RELEASE.jar;D:\food\food-workspace\food-repository\org\springframework\boot\spring-boot-test\2.1.5.RELEASE\spring-boot-test-2.1.5.RELEASE.jar;D:\food\food-workspace\food-repository\org\springframework\boot\spring-boot-test-autoconfigure\2.1.5.RELEASE\spring-boot-test-autoconfigure-2.1.5.RELEASE.jar;D:\food\food-workspace\food-repository\com\jayway\jsonpath\json-path\2.4.0\json-path-2.4.0.jar;D:\food\food-workspace\food-repository\net\minidev\json-smart\2.3\json-smart-2.3.jar;D:\food\food-workspace\food-repository\net\minidev\accessors-smart\1.2\accessors-smart-1.2.jar;D:\food\food-workspace\food-repository\org\ow2\asm\asm\5.0.4\asm-5.0.4.jar;D:\food\food-workspace\food-repository\junit\junit\4.12\junit-4.12.jar;D:\food\food-workspace\food-repository\org\assertj\assertj-core\3.11.1\assertj-core-3.11.1.jar;D:\food\food-workspace\food-repository\org\mockito\mockito-core\2.23.4\mockito-core-2.23.4.jar;D:\food\food-workspace\food-repository\net\bytebuddy\byte-buddy\1.9.12\byte-buddy-1.9.12.jar;D:\food\food-workspace\food-repository\net\bytebuddy\byte-buddy-agent\1.9.12\byte-buddy-agent-1.9.12.jar;D:\food\food-workspace\food-repository\org\objenesis\objenesis\2.6\objenesis-2.6.jar;D:\food\food-workspace\food-repository\org\hamcrest\hamcrest-core\1.3\hamcrest-core-1.3.jar;D:\food\food-workspace\food-repository\org\hamcrest\hamcrest-library\1.3\hamcrest-library-1.3.jar;D:\food\food-workspace\food-repository\org\skyscreamer\jsonassert\1.5.0\jsonassert-1.5.0.jar;D:\food\food-workspace\food-repository\com\vaadin\external\google\android-json\0.0.20131108.vaadin1\android-json-0.0.20131108.vaadin1.jar;D:\food\food-workspace\food-repository\org\springframework\spring-test\5.1.7.RELEASE\spring-test-5.1.7.RELEASE.jar;D:\food\food-workspace\food-repository\org\xmlunit\xmlunit-core\2.6.2\xmlunit-core-2.6.2.jar;D:\food\food-workspace\food-repository\mysql\mysql-connector-java\8.0.19\mysql-connector-java-8.0.19.jar;D:\food\food-workspace\food-repository\org\mybatis\spring\boot\mybatis-spring-boot-starter\2.1.1\mybatis-spring-boot-starter-2.1.1.jar;D:\food\food-workspace\food-repository\org\springframework\boot\spring-boot-starter-jdbc\2.1.5.RELEASE\spring-boot-starter-jdbc-2.1.5.RELEASE.jar;D:\food\food-workspace\food-repository\com\zaxxer\HikariCP\3.2.0\HikariCP-3.2.0.jar;D:\food\food-workspace\food-repository\org\springframework\spring-jdbc\5.1.7.RELEASE\spring-jdbc-5.1.7.RELEASE.jar;D:\food\food-workspace\food-repository\org\springframework\spring-tx\5.1.7.RELEASE\spring-tx-5.1.7.RELEASE.jar;D:\food\food-workspace\food-repository\org\mybatis\spring\boot\mybatis-spring-boot-autoconfigure\2.1.1\mybatis-spring-boot-autoconfigure-2.1.1.jar;D:\food\food-workspace\food-repository\org\mybatis\mybatis\3.5.3\mybatis-3.5.3.jar;D:\food\food-workspace\food-repository\org\mybatis\mybatis-spring\2.0.3\mybatis-spring-2.0.3.jar;D:\food\food-workspace\food-repository\tk\mybatis\mapper-spring-boot-starter\2.1.5\mapper-spring-boot-starter-2.1.5.jar;D:\food\food-workspace\food-repository\tk\mybatis\mapper-core\1.1.5\mapper-core-1.1.5.jar;D:\food\food-workspace\food-repository\javax\persistence\persistence-api\1.0\persistence-api-1.0.jar;D:\food\food-workspace\food-repository\tk\mybatis\mapper-base\1.1.5\mapper-base-1.1.5.jar;D:\food\food-workspace\food-repository\tk\mybatis\mapper-weekend\1.1.5\mapper-weekend-1.1.5.jar;D:\food\food-workspace\food-repository\tk\mybatis\mapper-spring\1.1.5\mapper-spring-1.1.5.jar;D:\food\food-workspace\food-repository\tk\mybatis\mapper-extra\1.1.5\mapper-extra-1.1.5.jar;D:\food\food-workspace\food-repository\tk\mybatis\mapper-spring-boot-autoconfigure\2.1.5\mapper-spring-boot-autoconfigure-2.1.5.jar;D:\food\food-workspace\food-repository\commons-codec\commons-codec\1.11\commons-codec-1.11.jar;D:\food\food-workspace\food-repository\org\apache\commons\commons-lang3\3.4\commons-lang3-3.4.jar;D:\food\food-workspace\food-repository\commons-io\commons-io\1.3.2\commons-io-1.3.2.jar;D:\food\food-workspace\food-repository\io\springfox\springfox-swagger2\2.4.0\springfox-swagger2-2.4.0.jar;D:\food\food-workspace\food-repository\io\swagger\swagger-annotations\1.5.6\swagger-annotations-1.5.6.jar;D:\food\food-workspace\food-repository\io\swagger\swagger-models\1.5.6\swagger-models-1.5.6.jar;D:\food\food-workspace\food-repository\com\fasterxml\jackson\core\jackson-annotations\2.9.0\jackson-annotations-2.9.0.jar;D:\food\food-workspace\food-repository\io\springfox\springfox-spi\2.4.0\springfox-spi-2.4.0.jar;D:\food\food-workspace\food-repository\io\springfox\springfox-core\2.4.0\springfox-core-2.4.0.jar;D:\food\food-workspace\food-repository\io\springfox\springfox-schema\2.4.0\springfox-schema-2.4.0.jar;D:\food\food-workspace\food-repository\io\springfox\springfox-swagger-common\2.4.0\springfox-swagger-common-2.4.0.jar;D:\food\food-workspace\food-repository\io\springfox\springfox-spring-web\2.4.0\springfox-spring-web-2.4.0.jar;D:\food\food-workspace\food-repository\com\google\guava\guava\18.0\guava-18.0.jar;D:\food\food-workspace\food-repository\com\fasterxml\classmate\1.4.0\classmate-1.4.0.jar;D:\food\food-workspace\food-repository\org\slf4j\slf4j-api\1.7.26\slf4j-api-1.7.26.jar;D:\food\food-workspace\food-repository\org\springframework\plugin\spring-plugin-core\1.2.0.RELEASE\spring-plugin-core-1.2.0.RELEASE.jar;D:\food\food-workspace\food-repository\org\springframework\plugin\spring-plugin-metadata\1.2.0.RELEASE\spring-plugin-metadata-1.2.0.RELEASE.jar;D:\food\food-workspace\food-repository\io\springfox\springfox-swagger-ui\2.4.0\springfox-swagger-ui-2.4.0.jar;D:\food\food-workspace\food-repository\com\github\xiaoymin\swagger-bootstrap-ui\1.6\swagger-bootstrap-ui-1.6.jar;D:\food\food-workspace\food-repository\com\alibaba\fastjson\1.2.68\fastjson-1.2.68.jar;D:\food\food-workspace\food-repository\org\springframework\boot\spring-boot-starter-log4j\1.3.8.RELEASE\spring-boot-starter-log4j-1.3.8.RELEASE.jar;D:\food\food-workspace\food-repository\org\slf4j\jcl-over-slf4j\1.7.26\jcl-over-slf4j-1.7.26.jar;D:\food\food-workspace\food-repository\org\slf4j\jul-to-slf4j\1.7.26\jul-to-slf4j-1.7.26.jar;D:\food\food-workspace\food-repository\org\slf4j\slf4j-log4j12\1.7.26\slf4j-log4j12-1.7.26.jar;D:\food\food-workspace\food-repository\log4j\log4j\1.2.17\log4j-1.2.17.jar;"/>
    <property name="sun.cpu.endian" value="little"/>
    <property name="user.home" value="C:\Users\zhangxiaogang"/>
    <property name="user.language" value="zh"/>
    <property name="java.specification.vendor" value="Oracle Corporation"/>
    <property name="java.home" value="C:\Program Files\Java\jdk1.8.0_101\jre"/>
    <property name="basedir" value="D:\food\food\food-service"/>
    <property name="file.separator" value="\"/>
    <property name="line.separator" value="&#10;"/>
    <property name="java.vm.specification.vendor" value="Oracle Corporation"/>
    <property name="java.specification.name" value="Java Platform API Specification"/>
    <property name="java.awt.graphicsenv" value="sun.awt.Win32GraphicsEnvironment"/>
    <property name="surefire.real.class.path" value="C:\Users\ZHANGX~1\AppData\Local\Temp\surefire9163769707771632881\surefirebooter156667701184945707.jar"/>
    <property name="sun.boot.class.path" value="C:\Program Files\Java\jdk1.8.0_101\jre\lib\resources.jar;C:\Program Files\Java\jdk1.8.0_101\jre\lib\rt.jar;C:\Program Files\Java\jdk1.8.0_101\jre\lib\sunrsasign.jar;C:\Program Files\Java\jdk1.8.0_101\jre\lib\jsse.jar;C:\Program Files\Java\jdk1.8.0_101\jre\lib\jce.jar;C:\Program Files\Java\jdk1.8.0_101\jre\lib\charsets.jar;C:\Program Files\Java\jdk1.8.0_101\jre\lib\jfr.jar;C:\Program Files\Java\jdk1.8.0_101\jre\classes"/>
    <property name="user.script" value=""/>
    <property name="sun.management.compiler" value="HotSpot 64-Bit Tiered Compilers"/>
    <property name="java.runtime.version" value="1.8.0_101-b13"/>
    <property name="user.name" value="zhangxiaogang"/>
    <property name="path.separator" value=";"/>
    <property name="os.version" value="10.0"/>
    <property name="java.endorsed.dirs" value="C:\Program Files\Java\jdk1.8.0_101\jre\lib\endorsed"/>
    <property name="java.runtime.name" value="Java(TM) SE Runtime Environment"/>
    <property name="file.encoding" value="GBK"/>
    <property name="java.vm.name" value="Java HotSpot(TM) 64-Bit Server VM"/>
    <property name="localRepository" value="D:\food\food-workspace\food-repository"/>
    <property name="java.vendor.url.bug" value="http://bugreport.sun.com/bugreport/"/>
    <property name="java.io.tmpdir" value="C:\Users\ZHANGX~1\AppData\Local\Temp\"/>
    <property name="java.version" value="1.8.0_101"/>
    <property name="user.dir" value="D:\food\food\food-service"/>
    <property name="os.arch" value="amd64"/>
    <property name="java.vm.specification.name" value="Java Virtual Machine Specification"/>
    <property name="java.awt.printerjob" value="sun.awt.windows.WPrinterJob"/>
    <property name="idea.version2019.3.1" value="true"/>
    <property name="sun.os.patch.level" value=""/>
    <property name="java.library.path" value="C:\Program Files\Java\jdk1.8.0_101\jre\bin;C:\Windows\Sun\Java\bin;C:\Windows\system32;C:\Windows;%JAVA_HOME%\bin;D:\apache-maven-3.6.0\bin;C:\ProgramData\Oracle\Java\javapath;C:\Windows\system32;C:\Windows;C:\Windows\System32\Wbem;C:\Windows\System32\WindowsPowerShell\v1.0\;C:\Windows\System32\OpenSSH\;D:\软件\svn\bin;C:\Users\zhangxiaogang\AppData\Local\Microsoft\WindowsApps;;."/>
    <property name="java.vm.info" value="mixed mode"/>
    <property name="java.vendor" value="Oracle Corporation"/>
    <property name="java.vm.version" value="25.101-b13"/>
    <property name="java.ext.dirs" value="C:\Program Files\Java\jdk1.8.0_101\jre\lib\ext;C:\Windows\Sun\Java\lib\ext"/>
    <property name="sun.io.unicode.encoding" value="UnicodeLittle"/>
    <property name="java.class.version" value="52.0"/>
  </properties>
  <testcase name="initializationError" classname="org.evan.service.CarouselServiceTest" time="0.005">
    <error message="The class org.evan.service.CarouselServiceTest is not public." type="java.lang.Exception">java.lang.Exception: The class org.evan.service.CarouselServiceTest is not public.
</error>
  </testcase>
  <testcase name="initializationError" classname="org.evan.service.CarouselServiceTest" time="0">
    <error message="Test class should have exactly one public constructor" type="java.lang.Exception">java.lang.Exception: Test class should have exactly one public constructor
</error>
  </testcase>
  <testcase name="initializationError" classname="org.evan.service.CarouselServiceTest" time="0">
    <error message="Method queryAll() should be public" type="java.lang.Exception">java.lang.Exception: Method queryAll() should be public
</error>
  </testcase>
</testsuite>